<?xml version="1.0" encoding="UTF-8"?>
<!-- Generated by org.testng.reporters.JUnitXMLReporter -->
<testsuite ignored="0" hostname="Rohan05" failures="0" tests="1" name="test-chrome" time="7.588" errors="0" timestamp="2023-08-31T16:45:54 IST">
  <testcase classname="parallelNG.ParallelExecution" name="test1" time="7.539"/>
</testsuite> <!-- test-chrome -->
