<?xml version="1.0" encoding="UTF-8"?>
<!-- Generated by org.testng.reporters.JUnitReportReporter -->
<testsuite hostname="Rohan05" failures="0" tests="2" name="parallelNG.ParallelExecution" time="15.213" errors="0" timestamp="2023-08-31T16:45:54 IST" skipped="0">
  <testcase classname="parallelNG.ParallelExecution" name="test1" time="7.539"/>
  <testcase classname="parallelNG.ParallelExecution" name="test1" time="7.674"/>
</testsuite> <!-- parallelNG.ParallelExecution -->
