<?xml version="1.0" encoding="UTF-8"?>
<!-- Generated by org.testng.reporters.JUnitReportReporter -->
<testsuite hostname="Rohan05" failures="0" tests="2" name="Testng1.Enabled" time="0.012" errors="0" timestamp="2023-08-17T11:49:28 IST" skipped="1">
  <testcase classname="Testng1.Enabled" name="data2" time="0.012">
    <system-out>
      <![CDATA[world]]>
    </system-out>
  </testcase> <!-- data2 -->
  <testcase classname="Testng1.Enabled" name="data1">
    <skipped/>
  </testcase> <!-- data1 -->
  <system-out>
    <![CDATA[world]]>
  </system-out>
</testsuite> <!-- Testng1.Enabled -->
