<?xml version="1.0" encoding="UTF-8"?>
<!-- Generated by org.testng.reporters.JUnitReportReporter -->
<testsuite hostname="Rohan05" failures="0" tests="2" name="Testng1.Priority" time="0.016" errors="0" timestamp="2023-08-17T11:46:29 IST" skipped="0">
  <testcase classname="Testng1.Priority" name="data2" time="0.014">
    <system-out>
      <![CDATA[world]]>
    </system-out>
  </testcase> <!-- data2 -->
  <testcase classname="Testng1.Priority" name="data1" time="0.002">
    <system-out>
      <![CDATA[hello]]>
    </system-out>
  </testcase> <!-- data1 -->
  <system-out>
    <![CDATA[world
hello]]>
  </system-out>
</testsuite> <!-- Testng1.Priority -->
