<?xml version="1.0" encoding="UTF-8"?>
<!-- Generated by org.testng.reporters.JUnitReportReporter -->
<testsuite hostname="Rohan05" failures="0" tests="6" name="Testng1.InvocationCount" time="0.027" errors="0" timestamp="2023-08-17T11:48:20 IST" skipped="0">
  <testcase classname="Testng1.InvocationCount" name="data2" time="0.015">
    <system-out>
      <![CDATA[world]]>
    </system-out>
  </testcase> <!-- data2 -->
  <testcase classname="Testng1.InvocationCount" name="data1" time="0.003">
    <system-out>
      <![CDATA[hello]]>
    </system-out>
  </testcase> <!-- data1 -->
  <testcase classname="Testng1.InvocationCount" name="data1" time="0.003">
    <system-out>
      <![CDATA[hello]]>
    </system-out>
  </testcase> <!-- data1 -->
  <testcase classname="Testng1.InvocationCount" name="data1" time="0.002">
    <system-out>
      <![CDATA[hello]]>
    </system-out>
  </testcase> <!-- data1 -->
  <testcase classname="Testng1.InvocationCount" name="data1" time="0.002">
    <system-out>
      <![CDATA[hello]]>
    </system-out>
  </testcase> <!-- data1 -->
  <testcase classname="Testng1.InvocationCount" name="data1" time="0.002">
    <system-out>
      <![CDATA[hello]]>
    </system-out>
  </testcase> <!-- data1 -->
  <system-out>
    <![CDATA[world
hello
hello
hello
hello
hello]]>
  </system-out>
</testsuite> <!-- Testng1.InvocationCount -->
