<?xml version="1.0" encoding="UTF-8"?>
<!-- Generated by org.testng.reporters.JUnitReportReporter -->
<testsuite hostname="Rohan05" failures="0" tests="2" name="Testng1.TestNG11" time="0.017" errors="0" timestamp="2023-08-17T10:42:10 IST" skipped="0">
  <testcase classname="Testng1.TestNG11" name="data1" time="0.013">
    <system-out>
      <![CDATA[hello]]>
    </system-out>
  </testcase> <!-- data1 -->
  <testcase classname="Testng1.TestNG11" name="data2" time="0.004">
    <system-out>
      <![CDATA[world]]>
    </system-out>
  </testcase> <!-- data2 -->
  <system-out>
    <![CDATA[hello
world]]>
  </system-out>
</testsuite> <!-- Testng1.TestNG11 -->
