<?xml version="1.0" encoding="UTF-8"?>
<!-- Generated by org.testng.reporters.JUnitReportReporter -->
<testsuite hostname="Rohan05" failures="0" tests="1" name="Testng1.FacebookLogin" time="5.917" errors="0" timestamp="2023-08-17T10:50:17 IST" skipped="0">
  <testcase classname="Testng1.FacebookLogin" name="data4" time="5.917">
    <system-out>
      <![CDATA[Log in to Facebook]]>
    </system-out>
  </testcase> <!-- data4 -->
  <system-out>
    <![CDATA[Log in to Facebook]]>
  </system-out>
</testsuite> <!-- Testng1.FacebookLogin -->
