<?xml version="1.0" encoding="UTF-8"?>
<!-- Generated by org.testng.reporters.JUnitReportReporter -->
<testsuite hostname="Rohan05" failures="0" tests="1" name="test_Script.RunnerClassT1" time="5.801" errors="0" timestamp="2023-08-24T17:07:52 IST" skipped="0">
  <testcase classname="test_Script.RunnerClassT1" name="test1" time="5.801"/>
</testsuite> <!-- test_Script.RunnerClassT1 -->
