<?xml version="1.0" encoding="UTF-8"?>
<!-- Generated by org.testng.reporters.JUnitReportReporter -->
<testsuite hostname="Rohan05" failures="0" tests="1" name="Testng1.TestNG12" time="0.013" errors="0" timestamp="2023-08-17T10:41:22 IST" skipped="0">
  <testcase classname="Testng1.TestNG12" name="data3" time="0.013">
    <system-out>
      <![CDATA[India]]>
    </system-out>
  </testcase> <!-- data3 -->
  <system-out>
    <![CDATA[India
hello
world]]>
  </system-out>
</testsuite> <!-- Testng1.TestNG12 -->
