<?xml version="1.0" encoding="UTF-8"?>
<!-- Generated by org.testng.reporters.JUnitReportReporter -->
<testsuite hostname="Rohan05" failures="0" tests="1" name="testng2.NewTest" time="0.011" errors="0" timestamp="2023-08-17T12:04:44 IST" skipped="0">
  <testcase classname="testng2.NewTest" name="f" time="0.011"/>
</testsuite> <!-- testng2.NewTest -->
